TN:
SF:script/DeployRaffle.s.sol
DA:9,0
FN:9,DeployRaffle.run
FNDA:0,DeployRaffle.run
DA:11,8
FN:11,DeployRaffle.deployContract
FNDA:8,DeployRaffle.deployContract
DA:12,8
DA:13,8
DA:15,8
BRDA:15,0,0,8
DA:17,8
DA:18,8
DA:21,8
DA:24,8
DA:25,8
DA:28,8
DA:29,8
DA:37,8
DA:39,8
DA:40,8
DA:42,8
FNF:2
FNH:1
LF:16
LH:15
BRF:1
BRH:1
end_of_record
TN:
SF:script/HelperConfig.s.sol
DA:31,8
FN:31,HelperConfig.constructor
FNDA:8,HelperConfig.constructor
DA:32,8
DA:37,0
FN:37,HelperConfig.getConfigByChainId
FNDA:0,HelperConfig.getConfigByChainId
DA:38,16
BRDA:38,0,0,-
BRDA:38,0,1,-
DA:39,0
DA:40,16
BRDA:40,1,0,16
BRDA:40,1,1,-
DA:41,16
DA:43,0
DA:47,16
FN:47,HelperConfig.getConfig
FNDA:16,HelperConfig.getConfig
DA:48,16
DA:51,8
FN:51,HelperConfig.getSepoliaEthConfig
FNDA:8,HelperConfig.getSepoliaEthConfig
DA:52,8
DA:64,8
FN:64,HelperConfig.setSubId
FNDA:8,HelperConfig.setSubId
DA:65,8
BRDA:65,2,0,8
BRDA:65,2,1,-
DA:66,8
DA:68,0
DA:72,0
FN:72,HelperConfig.getOrCreateAnvilEthConfig
FNDA:0,HelperConfig.getOrCreateAnvilEthConfig
DA:73,16
BRDA:73,3,0,8
DA:74,8
DA:78,8
DA:79,8
DA:80,8
DA:82,8
DA:84,8
DA:94,8
FNF:6
FNH:4
LF:25
LH:20
BRF:7
BRH:3
end_of_record
TN:
SF:script/Interactions.s.sol
DA:14,0
FN:14,CreateSubscription.createSubscriptionUsingConfig
FNDA:0,CreateSubscription.createSubscriptionUsingConfig
DA:16,0
DA:17,0
DA:19,0
DA:20,0
DA:23,8
FN:23,CreateSubscription.createSubscription
FNDA:8,CreateSubscription.createSubscription
DA:26,8
DA:27,8
DA:28,8
DA:30,8
DA:32,8
DA:36,0
FN:36,CreateSubscription.run
FNDA:0,CreateSubscription.run
DA:37,0
DA:46,0
FN:46,FundSubscription.fundSubscriptionUsingConfig
FNDA:0,FundSubscription.fundSubscriptionUsingConfig
DA:47,0
DA:48,0
DA:49,0
DA:50,0
DA:52,0
DA:55,8
FN:55,FundSubscription.fundSubscription
FNDA:8,FundSubscription.fundSubscription
DA:56,8
DA:58,8
BRDA:58,0,0,8
BRDA:58,0,1,-
DA:59,8
DA:60,8
DA:61,8
DA:63,0
DA:64,0
DA:65,0
DA:69,0
FN:69,FundSubscription.run
FNDA:0,FundSubscription.run
DA:71,0
DA:79,0
FN:79,AddConsumer.addConsumerUsingConfig
FNDA:0,AddConsumer.addConsumerUsingConfig
DA:80,0
DA:81,0
DA:82,0
DA:84,0
DA:87,8
FN:87,AddConsumer.addConsumer
FNDA:8,AddConsumer.addConsumer
DA:90,8
DA:91,8
DA:92,8
DA:96,0
FN:96,AddConsumer.run
FNDA:0,AddConsumer.run
DA:97,0
DA:98,0
FNF:9
FNH:3
LF:42
LH:16
BRF:2
BRH:1
end_of_record
TN:
SF:src/Raffle.sol
DA:71,8
FN:71,Raffle.constructor
FNDA:8,Raffle.constructor
DA:79,8
DA:80,8
DA:81,8
DA:82,8
DA:84,8
DA:85,8
DA:86,8
DA:87,8
DA:90,7
FN:90,Raffle.enterRaffle
FNDA:7,Raffle.enterRaffle
DA:91,7
BRDA:91,0,0,1
DA:92,1
DA:95,6
BRDA:95,1,0,1
DA:96,1
DA:99,5
DA:100,5
DA:102,5
DA:107,3
FN:107,Raffle.checkUpkeep
FNDA:3,Raffle.checkUpkeep
DA:112,5
DA:113,5
DA:114,5
DA:115,5
DA:117,5
DA:120,2
FN:120,Raffle.performUpkeep
FNDA:2,Raffle.performUpkeep
DA:121,2
DA:122,2
BRDA:122,2,0,-
DA:123,0
DA:128,2
DA:131,2
DA:140,0
FN:140,Raffle.fulfillRandomWords
FNDA:0,Raffle.fulfillRandomWords
DA:141,0
DA:142,0
DA:144,0
DA:145,0
DA:146,0
DA:147,0
DA:149,0
DA:150,0
BRDA:150,3,0,-
DA:151,0
DA:153,0
DA:157,0
FN:157,Raffle.getEntranceFee
FNDA:0,Raffle.getEntranceFee
DA:158,0
DA:161,0
FN:161,Raffle.getRecentWinner
FNDA:0,Raffle.getRecentWinner
DA:162,0
DA:165,1
FN:165,Raffle.getPlayer
FNDA:1,Raffle.getPlayer
DA:166,1
DA:169,0
FN:169,Raffle.getLastTimeStamp
FNDA:0,Raffle.getLastTimeStamp
DA:170,0
DA:173,0
FN:173,Raffle.getCycleDuration
FNDA:0,Raffle.getCycleDuration
DA:174,0
DA:177,1
FN:177,Raffle.getNumberOfPlayers
FNDA:1,Raffle.getNumberOfPlayers
DA:178,1
DA:181,1
FN:181,Raffle.getRaffleState
FNDA:1,Raffle.getRaffleState
DA:182,1
FNF:12
FNH:7
LF:54
LH:34
BRF:4
BRH:2
end_of_record
TN:
SF:test/mocks/LinkToken.sol
DA:15,8
FN:15,LinkToken.constructor
FNDA:8,LinkToken.constructor
DA:16,8
DA:19,0
FN:19,LinkToken.mint
FNDA:0,LinkToken.mint
DA:20,0
DA:31,0
FN:31,LinkToken.transferAndCall
FNDA:0,LinkToken.transferAndCall
DA:32,0
DA:34,0
DA:35,0
BRDA:35,0,0,-
DA:36,0
DA:38,0
DA:43,0
FN:43,LinkToken.contractFallback
FNDA:0,LinkToken.contractFallback
DA:44,0
DA:45,0
DA:48,0
FN:48,LinkToken.isContract
FNDA:0,LinkToken.isContract
DA:49,0
DA:51,0
DA:53,0
FNF:5
FNH:1
LF:17
LH:2
BRF:1
BRH:0
end_of_record
